<?xml version="1.0" encoding="UTF-8"?>
<testng-results ignored="0" total="2" passed="2" failed="0" skipped="0">
  <reporter-output>
  </reporter-output>
  <suite started-at="2021-03-08T10:03:20 IST" name="Suite" finished-at="2021-03-08T10:03:39 IST" duration-ms="18843">
    <groups>
    </groups>
    <test started-at="2021-03-08T10:03:20 IST" name="ParameterTest" finished-at="2021-03-08T10:03:29 IST" duration-ms="9345">
      <class name="Parameter">
        <test-method is-config="true" signature="setup(java.lang.String, java.lang.String)[pri:0, instance:Parameter@157853da]" started-at="2021-03-08T10:03:20 IST" name="setup" finished-at="2021-03-08T10:03:29 IST" duration-ms="9279" status="PASS">
          <params>
            <param index="0">
              <value>
                <![CDATA[firefox]]>
              </value>
            </param>
            <param index="1">
              <value>
                <![CDATA[https://opensource-demo.orangehrmlive.com/]]>
              </value>
            </param>
          </params>
          <reporter-output>
          </reporter-output>
        </test-method> <!-- setup -->
        <test-method signature="Logotest()[pri:0, instance:Parameter@157853da]" started-at="2021-03-08T10:03:29 IST" name="Logotest" finished-at="2021-03-08T10:03:29 IST" duration-ms="49" status="PASS">
          <reporter-output>
          </reporter-output>
        </test-method> <!-- Logotest -->
      </class> <!-- Parameter -->
    </test> <!-- ParameterTest -->
    <test started-at="2021-03-08T10:03:30 IST" name="ParameterTest1" finished-at="2021-03-08T10:03:39 IST" duration-ms="9406">
      <class name="Parameter">
        <test-method is-config="true" signature="setup(java.lang.String, java.lang.String)[pri:0, instance:Parameter@2177849e]" started-at="2021-03-08T10:03:30 IST" name="setup" finished-at="2021-03-08T10:03:39 IST" duration-ms="9364" status="PASS">
          <params>
            <param index="0">
              <value>
                <![CDATA[firefox]]>
              </value>
            </param>
            <param index="1">
              <value>
                <![CDATA[https://opensource-demo.orangehrmlive.com/]]>
              </value>
            </param>
          </params>
          <reporter-output>
          </reporter-output>
        </test-method> <!-- setup -->
        <test-method signature="Logotest()[pri:0, instance:Parameter@2177849e]" started-at="2021-03-08T10:03:39 IST" name="Logotest" finished-at="2021-03-08T10:03:39 IST" duration-ms="40" status="PASS">
          <reporter-output>
          </reporter-output>
        </test-method> <!-- Logotest -->
      </class> <!-- Parameter -->
    </test> <!-- ParameterTest1 -->
  </suite> <!-- Suite -->
</testng-results>
